<?xml version="1.0" encoding="UTF-8" ?>
<testsuite tests="6" failures="0" name="com.facechat.facechatbackend.test.ForumDAOTest" time="4.036" errors="0" skipped="5">
  <properties>
[...]
</properties>
  <testcase classname="com.facechat.facechatbackend.test.ForumDAOTest" name="UpdateForumTest" time="1.029">
    <skipped/>
    <system-out>SessionFactory Bean Created
Blog DAO object Created
ForumComments DAO object Created
Friend DAO object created
ProfilePicture DAO object created
User DAO object Created
Forum DAO object Created
</system-out>
    <system-err>Jan 18, 2018 3:55:09 PM org.springframework.context.annotation.AnnotationConfigApplicationContext prepareRefresh
INFO: Refreshing org.springframework.context.annotation.AnnotationConfigApplicationContext@5c73f672: startup date [Thu Jan 18 15:55:09 IST 2018]; root of context hierarchy
Jan 18, 2018 3:55:09 PM org.springframework.beans.factory.support.DefaultListableBeanFactory registerBeanDefinition
INFO: Overriding bean definition for bean &apos;blogDAO&apos; with a different definition: replacing [Generic bean: class [com.facechat.facechatbackend.dao.BlogDAOImpl]; scope=singleton; abstract=false; lazyInit=false; autowireMode=0; dependencyCheck=0; autowireCandidate=true; primary=false; factoryBeanName=null; factoryMethodName=null; initMethodName=null; destroyMethodName=null; defined in file [E:\workspace\facechatbackend\target\classes\com\facechat\facechatbackend\dao\BlogDAOImpl.class]] with [Root bean: class [null]; scope=; abstract=false; lazyInit=false; autowireMode=3; dependencyCheck=0; autowireCandidate=true; primary=false; factoryBeanName=DBConfig; factoryMethodName=getBlogDAO; initMethodName=null; destroyMethodName=(inferred); defined in com.facechat.facechatbackend.config.DBConfig]
Jan 18, 2018 3:55:09 PM org.springframework.beans.factory.support.DefaultListableBeanFactory registerBeanDefinition
INFO: Overriding bean definition for bean &apos;userDAO&apos; with a different definition: replacing [Generic bean: class [com.facechat.facechatbackend.dao.UserDAOImpl]; scope=singleton; abstract=false; lazyInit=false; autowireMode=0; dependencyCheck=0; autowireCandidate=true; primary=false; factoryBeanName=null; factoryMethodName=null; initMethodName=null; destroyMethodName=null; defined in file [E:\workspace\facechatbackend\target\classes\com\facechat\facechatbackend\dao\UserDAOImpl.class]] with [Root bean: class [null]; scope=; abstract=false; lazyInit=false; autowireMode=3; dependencyCheck=0; autowireCandidate=true; primary=false; factoryBeanName=DBConfig; factoryMethodName=getUserDAO; initMethodName=null; destroyMethodName=(inferred); defined in com.facechat.facechatbackend.config.DBConfig]
Jan 18, 2018 3:55:09 PM org.springframework.beans.factory.support.DefaultListableBeanFactory registerBeanDefinition
INFO: Overriding bean definition for bean &apos;jobDAO&apos; with a different definition: replacing [Generic bean: class [com.facechat.facechatbackend.dao.JobDAOImpl]; scope=singleton; abstract=false; lazyInit=false; autowireMode=0; dependencyCheck=0; autowireCandidate=true; primary=false; factoryBeanName=null; factoryMethodName=null; initMethodName=null; destroyMethodName=null; defined in file [E:\workspace\facechatbackend\target\classes\com\facechat\facechatbackend\dao\JobDAOImpl.class]] with [Root bean: class [null]; scope=; abstract=false; lazyInit=false; autowireMode=3; dependencyCheck=0; autowireCandidate=true; primary=false; factoryBeanName=DBConfig; factoryMethodName=getJobDAO; initMethodName=null; destroyMethodName=(inferred); defined in com.facechat.facechatbackend.config.DBConfig]
Jan 18, 2018 3:55:09 PM org.springframework.beans.factory.support.DefaultListableBeanFactory registerBeanDefinition
INFO: Overriding bean definition for bean &apos;forumCommentsDAO&apos; with a different definition: replacing [Generic bean: class [com.facechat.facechatbackend.dao.ForumCommentsDAOImpl]; scope=singleton; abstract=false; lazyInit=false; autowireMode=0; dependencyCheck=0; autowireCandidate=true; primary=false; factoryBeanName=null; factoryMethodName=null; initMethodName=null; destroyMethodName=null; defined in file [E:\workspace\facechatbackend\target\classes\com\facechat\facechatbackend\dao\ForumCommentsDAOImpl.class]] with [Root bean: class [null]; scope=; abstract=false; lazyInit=false; autowireMode=3; dependencyCheck=0; autowireCandidate=true; primary=false; factoryBeanName=DBConfig; factoryMethodName=getForumCommentsDAO; initMethodName=null; destroyMethodName=(inferred); defined in com.facechat.facechatbackend.config.DBConfig]
Jan 18, 2018 3:55:09 PM org.springframework.beans.factory.support.DefaultListableBeanFactory registerBeanDefinition
INFO: Overriding bean definition for bean &apos;friendDAO&apos; with a different definition: replacing [Generic bean: class [com.facechat.facechatbackend.dao.FriendDAOimpl]; scope=singleton; abstract=false; lazyInit=false; autowireMode=0; dependencyCheck=0; autowireCandidate=true; primary=false; factoryBeanName=null; factoryMethodName=null; initMethodName=null; destroyMethodName=null; defined in file [E:\workspace\facechatbackend\target\classes\com\facechat\facechatbackend\dao\FriendDAOimpl.class]] with [Root bean: class [null]; scope=; abstract=false; lazyInit=false; autowireMode=3; dependencyCheck=0; autowireCandidate=true; primary=false; factoryBeanName=DBConfig; factoryMethodName=getFriendDAO; initMethodName=null; destroyMethodName=(inferred); defined in com.facechat.facechatbackend.config.DBConfig]
Jan 18, 2018 3:55:09 PM org.springframework.beans.factory.support.DefaultListableBeanFactory registerBeanDefinition
INFO: Overriding bean definition for bean &apos;profilepictureDAO&apos; with a different definition: replacing [Generic bean: class [com.facechat.facechatbackend.dao.ProfilePictureDAOimpl]; scope=singleton; abstract=false; lazyInit=false; autowireMode=0; dependencyCheck=0; autowireCandidate=true; primary=false; factoryBeanName=null; factoryMethodName=null; initMethodName=null; destroyMethodName=null; defined in file [E:\workspace\facechatbackend\target\classes\com\facechat\facechatbackend\dao\ProfilePictureDAOimpl.class]] with [Root bean: class [null]; scope=; abstract=false; lazyInit=false; autowireMode=3; dependencyCheck=0; autowireCandidate=true; primary=false; factoryBeanName=DBConfig; factoryMethodName=getProfilePicture; initMethodName=null; destroyMethodName=(inferred); defined in com.facechat.facechatbackend.config.DBConfig]
Jan 18, 2018 3:55:09 PM org.springframework.jdbc.datasource.DriverManagerDataSource setDriverClassName
INFO: Loaded JDBC driver: oracle.jdbc.driver.OracleDriver
Jan 18, 2018 3:55:09 PM org.hibernate.dialect.Dialect &lt;init&gt;
INFO: HHH000400: Using dialect: org.hibernate.dialect.Oracle12cDialect
Jan 18, 2018 3:55:09 PM org.hibernate.tool.hbm2ddl.SchemaUpdate execute
INFO: HHH000228: Running hbm2ddl schema update
Jan 18, 2018 3:55:10 PM org.springframework.orm.hibernate5.HibernateTransactionManager afterPropertiesSet
INFO: Using DataSource [org.springframework.jdbc.datasource.DriverManagerDataSource@6b69761b] of Hibernate SessionFactory for HibernateTransactionManager
</system-err>
  </testcase>
  <testcase classname="com.facechat.facechatbackend.test.ForumDAOTest" name="deleteForumTest" time="1.03">
    <skipped/>
  </testcase>
  <testcase classname="com.facechat.facechatbackend.test.ForumDAOTest" name="approveForum" time="1.03">
    <skipped/>
  </testcase>
  <testcase classname="com.facechat.facechatbackend.test.ForumDAOTest" name="getAllForumTest" time="0.315"/>
  <testcase classname="com.facechat.facechatbackend.test.ForumDAOTest" name="rejectForum" time="0.316">
    <skipped/>
  </testcase>
  <testcase classname="com.facechat.facechatbackend.test.ForumDAOTest" name="addForumTest" time="0.316">
    <skipped/>
  </testcase>
</testsuite>