<?xml version="1.0" encoding="UTF-8" ?>
<testsuite tests="6" failures="0" name="com.facechat.facechatbackend.test.UserDAOTest" time="0.975" errors="1" skipped="5">
  <properties>
[...]
</properties>
  <testcase classname="com.facechat.facechatbackend.test.UserDAOTest" name="addTest" time="0.16">
    <error message="could not execute statement; SQL [n/a]; constraint [HR.SYS_C0010113]; nested exception is org.hibernate.exception.ConstraintViolationException: could not execute statement" type="org.springframework.dao.DataIntegrityViolationException">org.springframework.dao.DataIntegrityViolationException: could not execute statement; SQL [n/a]; constraint [HR.SYS_C0010113]; nested exception is org.hibernate.exception.ConstraintViolationException: could not execute statement
	at org.springframework.orm.hibernate5.SessionFactoryUtils.convertHibernateAccessException(SessionFactoryUtils.java:241)
	at org.springframework.orm.hibernate5.HibernateTransactionManager.convertHibernateAccessException(HibernateTransactionManager.java:755)
	at org.springframework.orm.hibernate5.HibernateTransactionManager.doCommit(HibernateTransactionManager.java:590)
	at org.springframework.transaction.support.AbstractPlatformTransactionManager.processCommit(AbstractPlatformTransactionManager.java:761)
	at org.springframework.transaction.support.AbstractPlatformTransactionManager.commit(AbstractPlatformTransactionManager.java:730)
	at org.springframework.transaction.interceptor.TransactionAspectSupport.commitTransactionAfterReturning(TransactionAspectSupport.java:504)
	at org.springframework.transaction.interceptor.TransactionAspectSupport.invokeWithinTransaction(TransactionAspectSupport.java:292)
	at org.springframework.transaction.interceptor.TransactionInterceptor.invoke(TransactionInterceptor.java:96)
	at org.springframework.aop.framework.ReflectiveMethodInvocation.proceed(ReflectiveMethodInvocation.java:179)
	at org.springframework.aop.framework.JdkDynamicAopProxy.invoke(JdkDynamicAopProxy.java:213)
	at com.sun.proxy.$Proxy37.addUser(Unknown Source)
	at com.facechat.facechatbackend.test.UserDAOTest.addTest(UserDAOTest.java:45)
	at sun.reflect.NativeMethodAccessorImpl.invoke0(Native Method)
	at sun.reflect.NativeMethodAccessorImpl.invoke(NativeMethodAccessorImpl.java:62)
	at sun.reflect.DelegatingMethodAccessorImpl.invoke(DelegatingMethodAccessorImpl.java:43)
	at java.lang.reflect.Method.invoke(Method.java:498)
	at org.junit.runners.model.FrameworkMethod$1.runReflectiveCall(FrameworkMethod.java:50)
	at org.junit.internal.runners.model.ReflectiveCallable.run(ReflectiveCallable.java:12)
	at org.junit.runners.model.FrameworkMethod.invokeExplosively(FrameworkMethod.java:47)
	at org.junit.internal.runners.statements.InvokeMethod.evaluate(InvokeMethod.java:17)
	at org.junit.runners.ParentRunner.runLeaf(ParentRunner.java:325)
	at org.junit.runners.BlockJUnit4ClassRunner.runChild(BlockJUnit4ClassRunner.java:78)
	at org.junit.runners.BlockJUnit4ClassRunner.runChild(BlockJUnit4ClassRunner.java:57)
	at org.junit.runners.ParentRunner$3.run(ParentRunner.java:290)
	at org.junit.runners.ParentRunner$1.schedule(ParentRunner.java:71)
	at org.junit.runners.ParentRunner.runChildren(ParentRunner.java:288)
	at org.junit.runners.ParentRunner.access$000(ParentRunner.java:58)
	at org.junit.runners.ParentRunner$2.evaluate(ParentRunner.java:268)
	at org.junit.internal.runners.statements.RunBefores.evaluate(RunBefores.java:26)
	at org.junit.runners.ParentRunner.run(ParentRunner.java:363)
	at org.apache.maven.surefire.junit4.JUnit4Provider.execute(JUnit4Provider.java:252)
	at org.apache.maven.surefire.junit4.JUnit4Provider.executeTestSet(JUnit4Provider.java:141)
	at org.apache.maven.surefire.junit4.JUnit4Provider.invoke(JUnit4Provider.java:112)
	at sun.reflect.NativeMethodAccessorImpl.invoke0(Native Method)
	at sun.reflect.NativeMethodAccessorImpl.invoke(NativeMethodAccessorImpl.java:62)
	at sun.reflect.DelegatingMethodAccessorImpl.invoke(DelegatingMethodAccessorImpl.java:43)
	at java.lang.reflect.Method.invoke(Method.java:498)
	at org.apache.maven.surefire.util.ReflectionUtils.invokeMethodWithArray(ReflectionUtils.java:189)
	at org.apache.maven.surefire.booter.ProviderFactory$ProviderProxy.invoke(ProviderFactory.java:165)
	at org.apache.maven.surefire.booter.ProviderFactory.invokeProvider(ProviderFactory.java:85)
	at org.apache.maven.surefire.booter.ForkedBooter.runSuitesInProcess(ForkedBooter.java:115)
	at org.apache.maven.surefire.booter.ForkedBooter.main(ForkedBooter.java:75)
Caused by: org.hibernate.exception.ConstraintViolationException: could not execute statement
	at org.hibernate.exception.internal.SQLExceptionTypeDelegate.convert(SQLExceptionTypeDelegate.java:59)
	at org.hibernate.exception.internal.StandardSQLExceptionConverter.convert(StandardSQLExceptionConverter.java:42)
	at org.hibernate.engine.jdbc.spi.SqlExceptionHelper.convert(SqlExceptionHelper.java:109)
	at org.hibernate.engine.jdbc.spi.SqlExceptionHelper.convert(SqlExceptionHelper.java:95)
	at org.hibernate.engine.jdbc.internal.ResultSetReturnImpl.executeUpdate(ResultSetReturnImpl.java:207)
	at org.hibernate.engine.jdbc.batch.internal.NonBatchingBatch.addToBatch(NonBatchingBatch.java:45)
	at org.hibernate.persister.entity.AbstractEntityPersister.insert(AbstractEntityPersister.java:2823)
	at org.hibernate.persister.entity.AbstractEntityPersister.insert(AbstractEntityPersister.java:3323)
	at org.hibernate.action.internal.EntityInsertAction.execute(EntityInsertAction.java:89)
	at org.hibernate.engine.spi.ActionQueue.executeActions(ActionQueue.java:447)
	at org.hibernate.engine.spi.ActionQueue.executeActions(ActionQueue.java:333)
	at org.hibernate.event.internal.AbstractFlushingEventListener.performExecutions(AbstractFlushingEventListener.java:335)
	at org.hibernate.event.internal.DefaultFlushEventListener.onFlush(DefaultFlushEventListener.java:39)
	at org.hibernate.internal.SessionImpl.flush(SessionImpl.java:1224)
	at org.hibernate.internal.SessionImpl.managedFlush(SessionImpl.java:464)
	at org.hibernate.internal.SessionImpl.flushBeforeTransactionCompletion(SessionImpl.java:2894)
	at org.hibernate.internal.SessionImpl.beforeTransactionCompletion(SessionImpl.java:2270)
	at org.hibernate.engine.jdbc.internal.JdbcCoordinatorImpl.beforeTransactionCompletion(JdbcCoordinatorImpl.java:485)
	at org.hibernate.resource.transaction.backend.jdbc.internal.JdbcResourceLocalTransactionCoordinatorImpl.beforeCompletionCallback(JdbcResourceLocalTransactionCoordinatorImpl.java:146)
	at org.hibernate.resource.transaction.backend.jdbc.internal.JdbcResourceLocalTransactionCoordinatorImpl.access$100(JdbcResourceLocalTransactionCoordinatorImpl.java:38)
	at org.hibernate.resource.transaction.backend.jdbc.internal.JdbcResourceLocalTransactionCoordinatorImpl$TransactionDriverControlImpl.commit(JdbcResourceLocalTransactionCoordinatorImpl.java:230)
	at org.hibernate.engine.transaction.internal.TransactionImpl.commit(TransactionImpl.java:65)
	at org.springframework.orm.hibernate5.HibernateTransactionManager.doCommit(HibernateTransactionManager.java:582)
	... 39 more
Caused by: java.sql.SQLIntegrityConstraintViolationException: ORA-00001: unique constraint (HR.SYS_C0010113) violated

	at oracle.jdbc.driver.T4CTTIoer.processError(T4CTTIoer.java:450)
	at oracle.jdbc.driver.T4CTTIoer.processError(T4CTTIoer.java:399)
	at oracle.jdbc.driver.T4C8Oall.processError(T4C8Oall.java:1059)
	at oracle.jdbc.driver.T4CTTIfun.receive(T4CTTIfun.java:522)
	at oracle.jdbc.driver.T4CTTIfun.doRPC(T4CTTIfun.java:257)
	at oracle.jdbc.driver.T4C8Oall.doOALL(T4C8Oall.java:587)
	at oracle.jdbc.driver.T4CPreparedStatement.doOall8(T4CPreparedStatement.java:225)
	at oracle.jdbc.driver.T4CPreparedStatement.doOall8(T4CPreparedStatement.java:53)
	at oracle.jdbc.driver.T4CPreparedStatement.executeForRows(T4CPreparedStatement.java:943)
	at oracle.jdbc.driver.OracleStatement.doExecuteWithTimeout(OracleStatement.java:1150)
	at oracle.jdbc.driver.OraclePreparedStatement.executeInternal(OraclePreparedStatement.java:4798)
	at oracle.jdbc.driver.OraclePreparedStatement.executeUpdate(OraclePreparedStatement.java:4875)
	at oracle.jdbc.driver.OraclePreparedStatementWrapper.executeUpdate(OraclePreparedStatementWrapper.java:1361)
	at org.hibernate.engine.jdbc.internal.ResultSetReturnImpl.executeUpdate(ResultSetReturnImpl.java:204)
	... 57 more
</error>
    <system-out>SessionFactory Bean Created
Blog DAO object Created
ForumComments DAO object Created
Friend DAO object created
ProfilePicture DAO object created
User DAO object Created
Forum DAO object Created
</system-out>
    <system-err>Jan 18, 2018 3:55:13 PM org.springframework.context.annotation.AnnotationConfigApplicationContext prepareRefresh
INFO: Refreshing org.springframework.context.annotation.AnnotationConfigApplicationContext@54067fdc: startup date [Thu Jan 18 15:55:13 IST 2018]; root of context hierarchy
Jan 18, 2018 3:55:13 PM org.springframework.beans.factory.support.DefaultListableBeanFactory registerBeanDefinition
INFO: Overriding bean definition for bean &apos;blogDAO&apos; with a different definition: replacing [Generic bean: class [com.facechat.facechatbackend.dao.BlogDAOImpl]; scope=singleton; abstract=false; lazyInit=false; autowireMode=0; dependencyCheck=0; autowireCandidate=true; primary=false; factoryBeanName=null; factoryMethodName=null; initMethodName=null; destroyMethodName=null; defined in file [E:\workspace\facechatbackend\target\classes\com\facechat\facechatbackend\dao\BlogDAOImpl.class]] with [Root bean: class [null]; scope=; abstract=false; lazyInit=false; autowireMode=3; dependencyCheck=0; autowireCandidate=true; primary=false; factoryBeanName=DBConfig; factoryMethodName=getBlogDAO; initMethodName=null; destroyMethodName=(inferred); defined in com.facechat.facechatbackend.config.DBConfig]
Jan 18, 2018 3:55:13 PM org.springframework.beans.factory.support.DefaultListableBeanFactory registerBeanDefinition
INFO: Overriding bean definition for bean &apos;userDAO&apos; with a different definition: replacing [Generic bean: class [com.facechat.facechatbackend.dao.UserDAOImpl]; scope=singleton; abstract=false; lazyInit=false; autowireMode=0; dependencyCheck=0; autowireCandidate=true; primary=false; factoryBeanName=null; factoryMethodName=null; initMethodName=null; destroyMethodName=null; defined in file [E:\workspace\facechatbackend\target\classes\com\facechat\facechatbackend\dao\UserDAOImpl.class]] with [Root bean: class [null]; scope=; abstract=false; lazyInit=false; autowireMode=3; dependencyCheck=0; autowireCandidate=true; primary=false; factoryBeanName=DBConfig; factoryMethodName=getUserDAO; initMethodName=null; destroyMethodName=(inferred); defined in com.facechat.facechatbackend.config.DBConfig]
Jan 18, 2018 3:55:13 PM org.springframework.beans.factory.support.DefaultListableBeanFactory registerBeanDefinition
INFO: Overriding bean definition for bean &apos;jobDAO&apos; with a different definition: replacing [Generic bean: class [com.facechat.facechatbackend.dao.JobDAOImpl]; scope=singleton; abstract=false; lazyInit=false; autowireMode=0; dependencyCheck=0; autowireCandidate=true; primary=false; factoryBeanName=null; factoryMethodName=null; initMethodName=null; destroyMethodName=null; defined in file [E:\workspace\facechatbackend\target\classes\com\facechat\facechatbackend\dao\JobDAOImpl.class]] with [Root bean: class [null]; scope=; abstract=false; lazyInit=false; autowireMode=3; dependencyCheck=0; autowireCandidate=true; primary=false; factoryBeanName=DBConfig; factoryMethodName=getJobDAO; initMethodName=null; destroyMethodName=(inferred); defined in com.facechat.facechatbackend.config.DBConfig]
Jan 18, 2018 3:55:13 PM org.springframework.beans.factory.support.DefaultListableBeanFactory registerBeanDefinition
INFO: Overriding bean definition for bean &apos;forumCommentsDAO&apos; with a different definition: replacing [Generic bean: class [com.facechat.facechatbackend.dao.ForumCommentsDAOImpl]; scope=singleton; abstract=false; lazyInit=false; autowireMode=0; dependencyCheck=0; autowireCandidate=true; primary=false; factoryBeanName=null; factoryMethodName=null; initMethodName=null; destroyMethodName=null; defined in file [E:\workspace\facechatbackend\target\classes\com\facechat\facechatbackend\dao\ForumCommentsDAOImpl.class]] with [Root bean: class [null]; scope=; abstract=false; lazyInit=false; autowireMode=3; dependencyCheck=0; autowireCandidate=true; primary=false; factoryBeanName=DBConfig; factoryMethodName=getForumCommentsDAO; initMethodName=null; destroyMethodName=(inferred); defined in com.facechat.facechatbackend.config.DBConfig]
Jan 18, 2018 3:55:13 PM org.springframework.beans.factory.support.DefaultListableBeanFactory registerBeanDefinition
INFO: Overriding bean definition for bean &apos;friendDAO&apos; with a different definition: replacing [Generic bean: class [com.facechat.facechatbackend.dao.FriendDAOimpl]; scope=singleton; abstract=false; lazyInit=false; autowireMode=0; dependencyCheck=0; autowireCandidate=true; primary=false; factoryBeanName=null; factoryMethodName=null; initMethodName=null; destroyMethodName=null; defined in file [E:\workspace\facechatbackend\target\classes\com\facechat\facechatbackend\dao\FriendDAOimpl.class]] with [Root bean: class [null]; scope=; abstract=false; lazyInit=false; autowireMode=3; dependencyCheck=0; autowireCandidate=true; primary=false; factoryBeanName=DBConfig; factoryMethodName=getFriendDAO; initMethodName=null; destroyMethodName=(inferred); defined in com.facechat.facechatbackend.config.DBConfig]
Jan 18, 2018 3:55:13 PM org.springframework.beans.factory.support.DefaultListableBeanFactory registerBeanDefinition
INFO: Overriding bean definition for bean &apos;profilepictureDAO&apos; with a different definition: replacing [Generic bean: class [com.facechat.facechatbackend.dao.ProfilePictureDAOimpl]; scope=singleton; abstract=false; lazyInit=false; autowireMode=0; dependencyCheck=0; autowireCandidate=true; primary=false; factoryBeanName=null; factoryMethodName=null; initMethodName=null; destroyMethodName=null; defined in file [E:\workspace\facechatbackend\target\classes\com\facechat\facechatbackend\dao\ProfilePictureDAOimpl.class]] with [Root bean: class [null]; scope=; abstract=false; lazyInit=false; autowireMode=3; dependencyCheck=0; autowireCandidate=true; primary=false; factoryBeanName=DBConfig; factoryMethodName=getProfilePicture; initMethodName=null; destroyMethodName=(inferred); defined in com.facechat.facechatbackend.config.DBConfig]
Jan 18, 2018 3:55:13 PM org.springframework.jdbc.datasource.DriverManagerDataSource setDriverClassName
INFO: Loaded JDBC driver: oracle.jdbc.driver.OracleDriver
Jan 18, 2018 3:55:13 PM org.hibernate.dialect.Dialect &lt;init&gt;
INFO: HHH000400: Using dialect: org.hibernate.dialect.Oracle12cDialect
Jan 18, 2018 3:55:13 PM org.hibernate.tool.hbm2ddl.SchemaUpdate execute
INFO: HHH000228: Running hbm2ddl schema update
Jan 18, 2018 3:55:14 PM org.springframework.orm.hibernate5.HibernateTransactionManager afterPropertiesSet
INFO: Using DataSource [org.springframework.jdbc.datasource.DriverManagerDataSource@10a98392] of Hibernate SessionFactory for HibernateTransactionManager
Jan 18, 2018 3:55:14 PM org.hibernate.engine.jdbc.spi.SqlExceptionHelper logExceptions
WARN: SQL Error: 1, SQLState: 23000
Jan 18, 2018 3:55:14 PM org.hibernate.engine.jdbc.spi.SqlExceptionHelper logExceptions
ERROR: ORA-00001: unique constraint (HR.SYS_C0010113) violated

Jan 18, 2018 3:55:14 PM org.hibernate.engine.jdbc.batch.internal.AbstractBatchImpl release
INFO: HHH000010: On release of batch it still contained JDBC statements
Jan 18, 2018 3:55:14 PM org.hibernate.internal.SessionImpl$5 mapManagedFlushFailure
ERROR: HHH000346: Error during managed flush [could not execute statement]
</system-err>
  </testcase>
  <testcase classname="com.facechat.facechatbackend.test.UserDAOTest" name="setOnlineStatus" time="0.163">
    <skipped/>
  </testcase>
  <testcase classname="com.facechat.facechatbackend.test.UserDAOTest" name="UpdateUserTest" time="0.163">
    <skipped/>
  </testcase>
  <testcase classname="com.facechat.facechatbackend.test.UserDAOTest" name="checkLoginTest" time="0.163">
    <skipped/>
  </testcase>
  <testcase classname="com.facechat.facechatbackend.test.UserDAOTest" name="getAllUser" time="0.163">
    <skipped/>
  </testcase>
  <testcase classname="com.facechat.facechatbackend.test.UserDAOTest" name="deleteUserTest" time="0.163">
    <skipped/>
  </testcase>
</testsuite>